  Building NVCC (Device) object CMakeFiles/cis565_getting_started.dir/src/Release/cis565_getting_started_generated_kernel.cu.obj
  -- Removing C:/Users/Ramanan Sekar/Music/Project0-Getting-Started/build/CMakeFiles/cis565_getting_started.dir/src/Release/cis565_getting_started_generated_kernel.cu.obj
  "C:/Program Files/CMake/bin/cmake.exe" -E remove "C:/Users/Ramanan Sekar/Music/Project0-Getting-Started/build/CMakeFiles/cis565_getting_started.dir/src/Release/cis565_getting_started_generated_kernel.cu.obj"
  -- Generating dependency file: C:/Users/Ramanan Sekar/Music/Project0-Getting-Started/build/CMakeFiles/cis565_getting_started.dir/src/cis565_getting_started_generated_kernel.cu.obj.NVCC-depend
  "C:/Program Files/NVIDIA GPU Computing Toolkit/CUDA/v10.1/bin/nvcc.exe" -M -D__CUDACC__ "C:/Users/Ramanan Sekar/Music/Project0-Getting-Started/cuda-getting-started/src/kernel.cu" -o "C:/Users/Ramanan Sekar/Music/Project0-Getting-Started/build/CMakeFiles/cis565_getting_started.dir/src/cis565_getting_started_generated_kernel.cu.obj.NVCC-depend" -ccbin "C:/Program Files (x86)/Microsoft Visual Studio/2017/Community/VC/Tools/MSVC/14.16.27023/bin/Hostx86/x64/cl.exe" -m64 -DCUDA_COMPUTE_61 -DGLEW_STATIC -Xcompiler ,\"/DWIN32\",\"/D_WINDOWS\",\"/W3\",\"/GR\",\"/EHsc\",\"/MD\",\"/O2\",\"/Ob2\",\"/DNDEBUG\" -gencode arch=compute_61,code=sm_61 -DNVCC "-IC:/Program Files/NVIDIA GPU Computing Toolkit/CUDA/v10.1/include" "-IC:/Users/Ramanan Sekar/Music/Project0-Getting-Started/cuda-getting-started/external/include"
  kernel.cu
  -- Generating temporary cmake readable file: C:/Users/Ramanan Sekar/Music/Project0-Getting-Started/build/CMakeFiles/cis565_getting_started.dir/src/cis565_getting_started_generated_kernel.cu.obj.depend.tmp
  "C:/Program Files/CMake/bin/cmake.exe" -D "input_file:FILEPATH=C:/Users/Ramanan Sekar/Music/Project0-Getting-Started/build/CMakeFiles/cis565_getting_started.dir/src/cis565_getting_started_generated_kernel.cu.obj.NVCC-depend" -D "output_file:FILEPATH=C:/Users/Ramanan Sekar/Music/Project0-Getting-Started/build/CMakeFiles/cis565_getting_started.dir/src/cis565_getting_started_generated_kernel.cu.obj.depend.tmp" -D verbose=ON -P "C:/Program Files/CMake/share/cmake-3.14/Modules/FindCUDA/make2cmake.cmake"
  -- Copy if different C:/Users/Ramanan Sekar/Music/Project0-Getting-Started/build/CMakeFiles/cis565_getting_started.dir/src/cis565_getting_started_generated_kernel.cu.obj.depend.tmp to C:/Users/Ramanan Sekar/Music/Project0-Getting-Started/build/CMakeFiles/cis565_getting_started.dir/src/cis565_getting_started_generated_kernel.cu.obj.depend
  "C:/Program Files/CMake/bin/cmake.exe" -E copy_if_different "C:/Users/Ramanan Sekar/Music/Project0-Getting-Started/build/CMakeFiles/cis565_getting_started.dir/src/cis565_getting_started_generated_kernel.cu.obj.depend.tmp" "C:/Users/Ramanan Sekar/Music/Project0-Getting-Started/build/CMakeFiles/cis565_getting_started.dir/src/cis565_getting_started_generated_kernel.cu.obj.depend"
  -- Removing C:/Users/Ramanan Sekar/Music/Project0-Getting-Started/build/CMakeFiles/cis565_getting_started.dir/src/cis565_getting_started_generated_kernel.cu.obj.depend.tmp and C:/Users/Ramanan Sekar/Music/Project0-Getting-Started/build/CMakeFiles/cis565_getting_started.dir/src/cis565_getting_started_generated_kernel.cu.obj.NVCC-depend
  "C:/Program Files/CMake/bin/cmake.exe" -E remove "C:/Users/Ramanan Sekar/Music/Project0-Getting-Started/build/CMakeFiles/cis565_getting_started.dir/src/cis565_getting_started_generated_kernel.cu.obj.depend.tmp" "C:/Users/Ramanan Sekar/Music/Project0-Getting-Started/build/CMakeFiles/cis565_getting_started.dir/src/cis565_getting_started_generated_kernel.cu.obj.NVCC-depend"
  -- Generating C:/Users/Ramanan Sekar/Music/Project0-Getting-Started/build/CMakeFiles/cis565_getting_started.dir/src/Release/cis565_getting_started_generated_kernel.cu.obj
  "C:/Program Files/NVIDIA GPU Computing Toolkit/CUDA/v10.1/bin/nvcc.exe" "C:/Users/Ramanan Sekar/Music/Project0-Getting-Started/cuda-getting-started/src/kernel.cu" -c -o "C:/Users/Ramanan Sekar/Music/Project0-Getting-Started/build/CMakeFiles/cis565_getting_started.dir/src/Release/cis565_getting_started_generated_kernel.cu.obj" -ccbin "C:/Program Files (x86)/Microsoft Visual Studio/2017/Community/VC/Tools/MSVC/14.16.27023/bin/Hostx86/x64/cl.exe" -m64 -DCUDA_COMPUTE_61 -DGLEW_STATIC -Xcompiler ,\"/DWIN32\",\"/D_WINDOWS\",\"/W3\",\"/GR\",\"/EHsc\",\"/MD\",\"/O2\",\"/Ob2\",\"/DNDEBUG\" -gencode arch=compute_61,code=sm_61 -DNVCC "-IC:/Program Files/NVIDIA GPU Computing Toolkit/CUDA/v10.1/include" "-IC:/Users/Ramanan Sekar/Music/Project0-Getting-Started/cuda-getting-started/external/include"
  kernel.cu
C:/Users/Ramanan Sekar/Music/Project0-Getting-Started/cuda-getting-started/src/kernel.cu(68): warning C4996: 'cudaThreadSynchronize': was declared deprecated
  c:\program files\nvidia gpu computing toolkit\cuda\v10.1\include\cuda_runtime_api.h(957): note: see declaration of 'cudaThreadSynchronize'
  Generated C:/Users/Ramanan Sekar/Music/Project0-Getting-Started/build/CMakeFiles/cis565_getting_started.dir/src/Release/cis565_getting_started_generated_kernel.cu.obj successfully.
  Building Custom Rule C:/Users/Ramanan Sekar/Music/Project0-Getting-Started/cuda-getting-started/CMakeLists.txt
  CMake does not need to re-run because C:/Users/Ramanan Sekar/Music/Project0-Getting-Started/build/CMakeFiles/generate.stamp is up-to-date.
  glslUtility.cpp
  main.cpp
C:\Users\Ramanan Sekar\Music\Project0-Getting-Started\cuda-getting-started\src\main.cpp(94): warning C4996: 'cudaGLRegisterBufferObject': was declared deprecated
  C:\Program Files\NVIDIA GPU Computing Toolkit\CUDA\v10.1\include\cuda_gl_interop.h(327): note: see declaration of 'cudaGLRegisterBufferObject'
C:\Users\Ramanan Sekar\Music\Project0-Getting-Started\cuda-getting-started\src\main.cpp(135): warning C4996: 'cudaGLSetGLDevice': was declared deprecated
  C:\Program Files\NVIDIA GPU Computing Toolkit\CUDA\v10.1\include\cuda_gl_interop.h(305): note: see declaration of 'cudaGLSetGLDevice'
C:\Users\Ramanan Sekar\Music\Project0-Getting-Started\cuda-getting-started\src\main.cpp(169): warning C4996: 'cudaGLMapBufferObject': was declared deprecated
  C:\Program Files\NVIDIA GPU Computing Toolkit\CUDA\v10.1\include\cuda_gl_interop.h(356): note: see declaration of 'cudaGLMapBufferObject'
C:\Users\Ramanan Sekar\Music\Project0-Getting-Started\cuda-getting-started\src\main.cpp(175): warning C4996: 'cudaGLUnmapBufferObject': was declared deprecated
  C:\Program Files\NVIDIA GPU Computing Toolkit\CUDA\v10.1\include\cuda_gl_interop.h(382): note: see declaration of 'cudaGLUnmapBufferObject'
C:\Users\Ramanan Sekar\Music\Project0-Getting-Started\cuda-getting-started\src\main.cpp(224): warning C4996: 'cudaGLUnregisterBufferObject': was declared deprecated
  C:\Program Files\NVIDIA GPU Computing Toolkit\CUDA\v10.1\include\cuda_gl_interop.h(404): note: see declaration of 'cudaGLUnregisterBufferObject'
  Generating Code...
     Creating library C:/Users/Ramanan Sekar/Music/Project0-Getting-Started/build/lib/Release/cis565_getting_started.lib and object C:/Users/Ramanan Sekar/Music/Project0-Getting-Started/build/lib/Release/cis565_getting_started.exp
LINK : warning LNK4098: defaultlib 'LIBCMT' conflicts with use of other libs; use /NODEFAULTLIB:library
  cis565_getting_started.vcxproj -> C:\Users\Ramanan Sekar\Music\Project0-Getting-Started\build\bin\Release\cis565_getting_started.exe
